2019-05-21 06:49:08,968 INFO     RDS:False
2019-05-21 06:49:09,005 INFO     database created
2019-05-21 06:49:09,010 INFO     Data added
2019-05-21 06:49:09,021 INFO        id  age  activeMember  ...  hasCrCard  tenure  predicted_score
0   1    1             1  ...          1     1.0            0.057

[1 rows x 10 columns]
2019-05-27 02:44:47,313 INFO     RDS:False
2019-05-27 02:44:47,370 INFO     database created
2019-05-27 02:44:47,386 INFO     Data added
2019-05-27 02:44:47,389 INFO        id  age  activeMember  ...  hasCrCard  tenure  predicted_score
0   1   50             1  ...          1    10.0          0.90703
1   2   32             0  ...          0     3.0          0.04434
2   3   57             1  ...          1     9.0          0.95043
3   4   22             1  ...          1     0.7          0.15419
4   5   80             1  ...          1    12.0          0.02806

[5 rows x 10 columns]
2019-06-01 01:43:36,353 INFO     RDS:False
2019-06-01 01:43:36,369 INFO     database created
2019-06-01 01:43:36,383 INFO     Data added
2019-06-01 01:43:36,387 INFO        id  age  activeMember  ...  hasCrCard  tenure  predicted_score
0   1   50             1  ...          1    10.0          0.90703
1   2   32             0  ...          0     3.0          0.04434
2   3   57             1  ...          1     9.0          0.95043
3   4   22             1  ...          1     0.7          0.15419
4   5   80             1  ...          1    12.0          0.02806

[5 rows x 10 columns]
2019-06-03 03:42:50,511 INFO     RDS:False
2019-06-03 03:42:50,555 INFO     database created
2019-06-03 03:42:50,570 INFO     Data added
2019-06-03 03:42:50,580 INFO        id  age  activeMember  ...  hasCrCard  tenure  predicted_score
0   1   50             1  ...          1    10.0          0.90703
1   2   32             0  ...          0     3.0          0.04434
2   3   57             1  ...          1     9.0          0.95043
3   4   22             1  ...          1     0.7          0.15419
4   5   80             1  ...          1    12.0          0.02806

[5 rows x 10 columns]
